<?xml version="1.0" encoding="UTF-8"?>
<!-- Generated by org.testng.reporters.JUnitReportReporter -->
<testsuite hostname="DESKTOP-P67V976" failures="0" tests="2" name="seliniumsetupdemo.TestNG" time="0.011" errors="0" timestamp="2022-07-18T18:25:46 IST" skipped="0">
  <testcase classname="seliniumsetupdemo.TestNG" name="xyz" time="0.004"/>
  <system-out/>
  <testcase classname="seliniumsetupdemo.TestNG" name="abc" time="0.007"/>
  <system-out/>
</testsuite> <!-- seliniumsetupdemo.TestNG -->
