<?xml version="1.0" encoding="UTF-8"?>
<!-- Generated by org.testng.reporters.JUnitReportReporter -->
<testsuite hostname="DESKTOP-P67V976" failures="0" tests="1" name="tests.ZerodhaLogin" time="4.624" errors="0" timestamp="2022-07-06T14:53:30 IST" skipped="0">
  <testcase classname="tests.ZerodhaLogin" name="zerodhLinkverify" time="4.624"/>
  <system-out/>
</testsuite> <!-- tests.ZerodhaLogin -->
