<?xml version="1.0" encoding="UTF-8"?>
<!-- Generated by org.testng.reporters.JUnitReportReporter -->
<testsuite hostname="DESKTOP-P67V976" failures="0" tests="3" name="tests.HomePageButtons_TC_01" time="73.816" errors="0" timestamp="2022-06-29T14:05:07 IST" skipped="0">
  <testcase classname="tests.HomePageButtons_TC_01" name="login_TC_01" time="10.065"/>
  <system-out/>
  <testcase classname="tests.HomePageButtons_TC_01" name="verifySocialIcons_TC_02" time="55.809"/>
  <system-out/>
  <testcase classname="tests.HomePageButtons_TC_01" name="verifyLink_TC_03" time="7.942"/>
  <system-out/>
</testsuite> <!-- tests.HomePageButtons_TC_01 -->
